
-- started at 06/29/2024 21:40:23 --

mdtest-1.9.3 was launched with 512 total task(s) on 8 node(s)
Command line used: /users/penglb3/indexfs_conf/mdtest_nobk -n 100000 -d / -C -T -r

512 tasks, 51200000 files/directories

SUMMARY: (of 1 iterations)
   Operation                      Max            Min           Mean        Std Dev
   ---------                      ---            ---           ----        -------
   Directory creation:      59211.943      59211.943      59211.943          0.000
   Directory stat    :     500058.270     500058.270     500058.270          0.000
   Directory rename  :      60215.997      60215.997      60215.997          0.000
   Directory removal :     382275.170     382275.170     382275.170          0.000
   File creation     :     181966.336     181966.336     181966.336          0.000
   File stat         :     500200.937     500200.937     500200.937          0.000
   File read         :          0.000          0.000          0.000          0.000
   File removal      :     410001.339     410001.339     410001.339          0.000
   Tree creation     :        731.449        731.449        731.449          0.000
   Tree removal      :          1.211          1.211          1.211          0.000

-- finished at 06/29/2024 22:21:23 --

-- started at 06/29/2024 09:51:05 --

mdtest-1.9.3 was launched with 256 total task(s) on 8 node(s)
Command line used: /users/penglb3/indexfs_conf/mdtest_nobk -n 100000 -d / -C -T -r

256 tasks, 25600000 files/directories

SUMMARY: (of 1 iterations)
   Operation                      Max            Min           Mean        Std Dev
   ---------                      ---            ---           ----        -------
   Directory creation:      68239.744      68239.744      68239.744          0.000
   Directory stat    :     531139.772     531139.772     531139.772          0.000
   Directory rename  :      64460.994      64460.994      64460.994          0.000
   Directory removal :     399500.203     399500.203     399500.203          0.000
   File creation     :     191500.400     191500.400     191500.400          0.000
   File stat         :     533457.611     533457.611     533457.611          0.000
   File read         :          0.000          0.000          0.000          0.000
   File removal      :     431776.370     431776.370     431776.370          0.000
   Tree creation     :        999.882        999.882        999.882          0.000
   Tree removal      :          1.000          1.000          1.000          0.000

-- finished at 06/29/2024 10:09:51 --

-- started at 06/29/2024 21:22:50 --

mdtest-1.9.3 was launched with 128 total task(s) on 8 node(s)
Command line used: /users/penglb3/indexfs_conf/mdtest_nobk -n 100000 -d / -C -T -r

128 tasks, 12800000 files/directories

SUMMARY: (of 1 iterations)
   Operation                      Max            Min           Mean        Std Dev
   ---------                      ---            ---           ----        -------
   Directory creation:      73373.492      73373.492      73373.492          0.000
   Directory stat    :     503947.693     503947.693     503947.693          0.000
   Directory rename  :      67584.587      67584.587      67584.587          0.000
   Directory removal :     396013.814     396013.814     396013.814          0.000
   File creation     :     185732.604     185732.604     185732.604          0.000
   File stat         :     519873.048     519873.048     519873.048          0.000
   File read         :          0.000          0.000          0.000          0.000
   File removal      :     431006.314     431006.314     431006.314          0.000
   Tree creation     :       1110.076       1110.076       1110.076          0.000
   Tree removal      :          1.132          1.132          1.132          0.000

-- finished at 06/29/2024 21:31:56 --

-- started at 06/29/2024 10:10:17 --

mdtest-1.9.3 was launched with 64 total task(s) on 8 node(s)
Command line used: /users/penglb3/indexfs_conf/mdtest_nobk -n 100000 -d / -C -T -r

64 tasks, 6400000 files/directories

SUMMARY: (of 1 iterations)
   Operation                      Max            Min           Mean        Std Dev
   ---------                      ---            ---           ----        -------
   Directory creation:      69679.386      69679.386      69679.386          0.000
   Directory stat    :     459255.039     459255.039     459255.039          0.000
   Directory rename  :      67935.087      67935.087      67935.087          0.000
   Directory removal :     374772.898     374772.898     374772.898          0.000
   File creation     :     166467.413     166467.413     166467.413          0.000
   File stat         :     468976.680     468976.680     468976.680          0.000
   File read         :          0.000          0.000          0.000          0.000
   File removal      :     388791.123     388791.123     388791.123          0.000
   Tree creation     :       1094.257       1094.257       1094.257          0.000
   Tree removal      :          1.056          1.056          1.056          0.000

-- finished at 06/29/2024 10:15:03 --

-- started at 06/29/2024 10:15:15 --

mdtest-1.9.3 was launched with 32 total task(s) on 8 node(s)
Command line used: /users/penglb3/indexfs_conf/mdtest_nobk -n 100000 -d / -C -T -r

32 tasks, 3200000 files/directories

SUMMARY: (of 1 iterations)
   Operation                      Max            Min           Mean        Std Dev
   ---------                      ---            ---           ----        -------
   Directory creation:      58206.318      58206.318      58206.318          0.000
   Directory stat    :     331022.142     331022.142     331022.142          0.000
   Directory rename  :      70209.581      70209.581      70209.581          0.000
   Directory removal :     299884.843     299884.843     299884.843          0.000
   File creation     :     115800.905     115800.905     115800.905          0.000
   File stat         :     313478.336     313478.336     313478.336          0.000
   File read         :          0.000          0.000          0.000          0.000
   File removal      :     299212.283     299212.283     299212.283          0.000
   Tree creation     :       1355.596       1355.596       1355.596          0.000
   Tree removal      :          1.348          1.348          1.348          0.000

-- finished at 06/29/2024 10:18:05 --

-- started at 06/29/2024 21:20:01 --

mdtest-1.9.3 was launched with 16 total task(s) on 8 node(s)
Command line used: /users/penglb3/indexfs_conf/mdtest_nobk -n 100000 -d / -C -T -r

16 tasks, 1600000 files/directories

SUMMARY: (of 1 iterations)
   Operation                      Max            Min           Mean        Std Dev
   ---------                      ---            ---           ----        -------
   Directory creation:      39281.227      39281.227      39281.227          0.000
   Directory stat    :     154967.840     154967.840     154967.840          0.000
   Directory rename  :      39932.179      39932.179      39932.179          0.000
   Directory removal :     134489.795     134489.795     134489.795          0.000
   File creation     :      51491.374      51491.374      51491.374          0.000
   File stat         :     142363.946     142363.946     142363.946          0.000
   File read         :          0.000          0.000          0.000          0.000
   File removal      :     137411.063     137411.063     137411.063          0.000
   Tree creation     :       1212.471       1212.471       1212.471          0.000
   Tree removal      :          2.652          2.652          2.652          0.000

-- finished at 06/29/2024 21:22:39 --

-- started at 06/29/2024 23:00:57 --

mdtest-1.9.3 was launched with 8 total task(s) on 4 node(s)
Command line used: /users/penglb3/indexfs_conf/mdtest_nobk -n 100000 -d / -C -T -r

8 tasks, 800000 files/directories

SUMMARY: (of 1 iterations)
   Operation                      Max            Min           Mean        Std Dev
   ---------                      ---            ---           ----        -------
   Directory creation:      23459.193      23459.193      23459.193          0.000
   Directory stat    :     107485.263     107485.263     107485.263          0.000
   Directory rename  :      27517.267      27517.267      27517.267          0.000
   Directory removal :      95525.120      95525.120      95525.120          0.000
   File creation     :      34342.768      34342.768      34342.768          0.000
   File stat         :      96348.993      96348.993      96348.993          0.000
   File read         :          0.000          0.000          0.000          0.000
   File removal      :      90717.886      90717.886      90717.886          0.000
   Tree creation     :       1054.474       1054.474       1054.474          0.000
   Tree removal      :          1.171          1.171          1.171          0.000

-- finished at 06/29/2024 23:02:57 --